[ 2016-04-10T13:28:54+08:00 ] 127.0.0.1 /SecondHands_Market/index.php/Admin/Login/login
INFO: [ app_init ] --START--
INFO: Run Behavior\BuildLiteBehavior [ RunTime:0.000000s ]
INFO: [ app_init ] --END-- [ RunTime:0.000000s ]

[ 2016-04-10T18:11:28+08:00 ] 127.0.0.1 /SecondHands_Market/index.php/Admin/Login/login
INFO: [ app_init ] --START--
INFO: Run Behavior\BuildLiteBehavior [ RunTime:0.000000s ]
INFO: [ app_init ] --END-- [ RunTime:0.001000s ]

[ 2016-04-10T18:11:34+08:00 ] 127.0.0.1 /SecondHands_Market/index.php/Admin/Login/doLogin
INFO: [ app_init ] --START--
INFO: Run Behavior\BuildLiteBehavior [ RunTime:0.000000s ]
INFO: [ app_init ] --END-- [ RunTime:0.001000s ]

[ 2016-04-10T18:11:35+08:00 ] 127.0.0.1 /SecondHands_Market/index.php/Admin/Index/index
INFO: [ app_init ] --START--
INFO: Run Behavior\BuildLiteBehavior [ RunTime:0.000000s ]
INFO: [ app_init ] --END-- [ RunTime:0.001000s ]

[ 2016-04-10T18:22:39+08:00 ] 127.0.0.1 /SecondHands_Market/index.php/Admin/Index/index
INFO: [ app_init ] --START--
INFO: Run Behavior\BuildLiteBehavior [ RunTime:0.001000s ]
INFO: [ app_init ] --END-- [ RunTime:0.001000s ]

[ 2016-04-10T18:41:36+08:00 ] 127.0.0.1 /SecondHands_Market/index.php/Admin/Index/index
INFO: [ app_init ] --START--
INFO: Run Behavior\BuildLiteBehavior [ RunTime:0.000000s ]
INFO: [ app_init ] --END-- [ RunTime:0.000000s ]

[ 2016-04-10T18:41:37+08:00 ] 127.0.0.1 /SecondHands_Market/index.php/Admin/Applyfor/applyfor
INFO: [ app_init ] --START--
INFO: Run Behavior\BuildLiteBehavior [ RunTime:0.000000s ]
INFO: [ app_init ] --END-- [ RunTime:0.001000s ]

[ 2016-04-10T18:46:14+08:00 ] 127.0.0.1 /SecondHands_Market/index.php/Admin/Index/index
INFO: [ app_init ] --START--
INFO: Run Behavior\BuildLiteBehavior [ RunTime:0.000000s ]
INFO: [ app_init ] --END-- [ RunTime:0.001000s ]

[ 2016-04-10T18:46:15+08:00 ] 127.0.0.1 /SecondHands_Market/index.php/Admin/User/user
INFO: [ app_init ] --START--
INFO: Run Behavior\BuildLiteBehavior [ RunTime:0.000000s ]
INFO: [ app_init ] --END-- [ RunTime:0.001000s ]

[ 2016-04-10T18:46:16+08:00 ] 127.0.0.1 /SecondHands_Market/index.php/Admin/Applyfor/applyfor
INFO: [ app_init ] --START--
INFO: Run Behavior\BuildLiteBehavior [ RunTime:0.000000s ]
INFO: [ app_init ] --END-- [ RunTime:0.001000s ]

[ 2016-04-10T18:46:17+08:00 ] 127.0.0.1 /SecondHands_Market/index.php/Admin/Gods/addGods
INFO: [ app_init ] --START--
INFO: Run Behavior\BuildLiteBehavior [ RunTime:0.000000s ]
INFO: [ app_init ] --END-- [ RunTime:0.001000s ]

[ 2016-04-10T18:46:18+08:00 ] 127.0.0.1 /SecondHands_Market/index.php/Admin/Gods/searchGods
INFO: [ app_init ] --START--
INFO: Run Behavior\BuildLiteBehavior [ RunTime:0.000000s ]
INFO: [ app_init ] --END-- [ RunTime:0.001000s ]

[ 2016-04-10T18:46:19+08:00 ] 127.0.0.1 /SecondHands_Market/index.php/Admin/Commess/commess
INFO: [ app_init ] --START--
INFO: Run Behavior\BuildLiteBehavior [ RunTime:0.000000s ]
INFO: [ app_init ] --END-- [ RunTime:0.001000s ]

[ 2016-04-10T18:46:20+08:00 ] 127.0.0.1 /SecondHands_Market/index.php/Admin/Applyfor/applyfor
INFO: [ app_init ] --START--
INFO: Run Behavior\BuildLiteBehavior [ RunTime:0.000000s ]
INFO: [ app_init ] --END-- [ RunTime:0.001000s ]

[ 2016-04-10T18:46:21+08:00 ] 127.0.0.1 /SecondHands_Market/index.php/Admin/Index/index
INFO: [ app_init ] --START--
INFO: Run Behavior\BuildLiteBehavior [ RunTime:0.000000s ]
INFO: [ app_init ] --END-- [ RunTime:0.000000s ]

[ 2016-04-10T19:00:52+08:00 ] 127.0.0.1 /SecondHands_Market/index.php/Admin/Applyfor/applyfor
INFO: [ app_init ] --START--
INFO: Run Behavior\BuildLiteBehavior [ RunTime:0.000000s ]
INFO: [ app_init ] --END-- [ RunTime:0.001000s ]

[ 2016-04-10T19:02:42+08:00 ] 127.0.0.1 /SecondHands_Market/index.php/Admin/Applyfor/applyfor
INFO: [ app_init ] --START--
INFO: Run Behavior\BuildLiteBehavior [ RunTime:0.000000s ]
INFO: [ app_init ] --END-- [ RunTime:0.001000s ]

[ 2016-04-10T19:02:48+08:00 ] 127.0.0.1 /SecondHands_Market/index.php/Admin/Index/index
INFO: [ app_init ] --START--
INFO: Run Behavior\BuildLiteBehavior [ RunTime:0.000000s ]
INFO: [ app_init ] --END-- [ RunTime:0.001000s ]

[ 2016-04-10T19:02:50+08:00 ] 127.0.0.1 /SecondHands_Market/index.php/Admin/Applyfor/applyfor
INFO: [ app_init ] --START--
INFO: Run Behavior\BuildLiteBehavior [ RunTime:0.000000s ]
INFO: [ app_init ] --END-- [ RunTime:0.001000s ]

[ 2016-04-10T19:02:54+08:00 ] 127.0.0.1 /SecondHands_Market/index.php/Admin/Applyfor/applyfor
INFO: [ app_init ] --START--
INFO: Run Behavior\BuildLiteBehavior [ RunTime:0.000000s ]
INFO: [ app_init ] --END-- [ RunTime:0.001000s ]

[ 2016-04-10T19:03:03+08:00 ] 127.0.0.1 /SecondHands_Market/index.php/Admin/Applyfor/applyfor
INFO: [ app_init ] --START--
INFO: Run Behavior\BuildLiteBehavior [ RunTime:0.000000s ]
INFO: [ app_init ] --END-- [ RunTime:0.000000s ]

[ 2016-04-10T19:03:17+08:00 ] 127.0.0.1 /SecondHands_Market/index.php/Admin/Applyfor/applyfor
INFO: [ app_init ] --START--
INFO: Run Behavior\BuildLiteBehavior [ RunTime:0.001001s ]
INFO: [ app_init ] --END-- [ RunTime:0.001001s ]

[ 2016-04-10T19:03:39+08:00 ] 127.0.0.1 /SecondHands_Market/index.php/Admin/Index/index
INFO: [ app_init ] --START--
INFO: Run Behavior\BuildLiteBehavior [ RunTime:0.000000s ]
INFO: [ app_init ] --END-- [ RunTime:0.000000s ]

[ 2016-04-10T19:03:41+08:00 ] 127.0.0.1 /SecondHands_Market/index.php/Admin/Applyfor/applyfor
INFO: [ app_init ] --START--
INFO: Run Behavior\BuildLiteBehavior [ RunTime:0.000000s ]
INFO: [ app_init ] --END-- [ RunTime:0.000000s ]

[ 2016-04-10T19:04:02+08:00 ] 127.0.0.1 /SecondHands_Market/index.php/Admin/Applyfor/applyfor
INFO: [ app_init ] --START--
INFO: Run Behavior\BuildLiteBehavior [ RunTime:0.000000s ]
INFO: [ app_init ] --END-- [ RunTime:0.001000s ]

[ 2016-04-10T19:04:30+08:00 ] 127.0.0.1 /SecondHands_Market/index.php/Admin/Applyfor/applyfor
INFO: [ app_init ] --START--
INFO: Run Behavior\BuildLiteBehavior [ RunTime:0.000000s ]
INFO: [ app_init ] --END-- [ RunTime:0.001000s ]

[ 2016-04-10T19:04:52+08:00 ] 127.0.0.1 /SecondHands_Market/index.php/Admin/Applyfor/applyfor
INFO: [ app_init ] --START--
INFO: Run Behavior\BuildLiteBehavior [ RunTime:0.000000s ]
INFO: [ app_init ] --END-- [ RunTime:0.001000s ]

[ 2016-04-10T19:05:22+08:00 ] 127.0.0.1 /SecondHands_Market/index.php/Admin/Applyfor/applyfor
INFO: [ app_init ] --START--
INFO: Run Behavior\BuildLiteBehavior [ RunTime:0.000000s ]
INFO: [ app_init ] --END-- [ RunTime:0.001000s ]

[ 2016-04-10T19:05:52+08:00 ] 127.0.0.1 /SecondHands_Market/index.php/Admin/Applyfor/applyfor
INFO: [ app_init ] --START--
INFO: Run Behavior\BuildLiteBehavior [ RunTime:0.000000s ]
INFO: [ app_init ] --END-- [ RunTime:0.001000s ]

[ 2016-04-10T19:06:08+08:00 ] 127.0.0.1 /SecondHands_Market/index.php/Admin/Applyfor/applyfor
INFO: [ app_init ] --START--
INFO: Run Behavior\BuildLiteBehavior [ RunTime:0.000000s ]
INFO: [ app_init ] --END-- [ RunTime:0.001000s ]

[ 2016-04-10T19:06:28+08:00 ] 127.0.0.1 /SecondHands_Market/index.php/Admin/Index/index
INFO: [ app_init ] --START--
INFO: Run Behavior\BuildLiteBehavior [ RunTime:0.000000s ]
INFO: [ app_init ] --END-- [ RunTime:0.001000s ]

[ 2016-04-10T19:06:29+08:00 ] 127.0.0.1 /SecondHands_Market/index.php/Admin/Applyfor/applyfor
INFO: [ app_init ] --START--
INFO: Run Behavior\BuildLiteBehavior [ RunTime:0.001000s ]
INFO: [ app_init ] --END-- [ RunTime:0.001000s ]

[ 2016-04-10T19:06:39+08:00 ] 127.0.0.1 /SecondHands_Market/index.php/Admin/Applyfor/applyfor
INFO: [ app_init ] --START--
INFO: Run Behavior\BuildLiteBehavior [ RunTime:0.000000s ]
INFO: [ app_init ] --END-- [ RunTime:0.001001s ]

[ 2016-04-10T19:07:08+08:00 ] 127.0.0.1 /SecondHands_Market/index.php/Admin/Applyfor/applyfor
INFO: [ app_init ] --START--
INFO: Run Behavior\BuildLiteBehavior [ RunTime:0.000000s ]
INFO: [ app_init ] --END-- [ RunTime:0.002000s ]

[ 2016-04-10T19:07:37+08:00 ] 127.0.0.1 /SecondHands_Market/index.php/Admin/Applyfor/applyfor
INFO: [ app_init ] --START--
INFO: Run Behavior\BuildLiteBehavior [ RunTime:0.000000s ]
INFO: [ app_init ] --END-- [ RunTime:0.001000s ]

[ 2016-04-10T19:07:43+08:00 ] 127.0.0.1 /SecondHands_Market/index.php/Admin/Applyfor/applyfor
INFO: [ app_init ] --START--
INFO: Run Behavior\BuildLiteBehavior [ RunTime:0.000000s ]
INFO: [ app_init ] --END-- [ RunTime:0.001000s ]

[ 2016-04-10T19:07:52+08:00 ] 127.0.0.1 /SecondHands_Market/index.php/Admin/Applyfor/applyfor
INFO: [ app_init ] --START--
INFO: Run Behavior\BuildLiteBehavior [ RunTime:0.000000s ]
INFO: [ app_init ] --END-- [ RunTime:0.001000s ]

[ 2016-04-10T19:10:21+08:00 ] 127.0.0.1 /SecondHands_Market/index.php/Admin/Applyfor/applyfor
INFO: [ app_init ] --START--
INFO: Run Behavior\BuildLiteBehavior [ RunTime:0.000000s ]
INFO: [ app_init ] --END-- [ RunTime:0.001000s ]

[ 2016-04-10T20:15:31+08:00 ] 127.0.0.1 /SecondHands_Market/index.php/Admin/Applyfor/applyfor
INFO: [ app_init ] --START--
INFO: Run Behavior\BuildLiteBehavior [ RunTime:0.001000s ]
INFO: [ app_init ] --END-- [ RunTime:0.001000s ]
ERR: Think\Controller:assgin方法不存在！

[ 2016-04-10T20:16:32+08:00 ] 127.0.0.1 /SecondHands_Market/index.php/Admin/Applyfor/applyfor
INFO: [ app_init ] --START--
INFO: Run Behavior\BuildLiteBehavior [ RunTime:0.000000s ]
INFO: [ app_init ] --END-- [ RunTime:0.001000s ]

[ 2016-04-10T20:16:56+08:00 ] 127.0.0.1 /SecondHands_Market/index.php/Admin/Applyfor/applyfor
INFO: [ app_init ] --START--
INFO: Run Behavior\BuildLiteBehavior [ RunTime:0.000000s ]
INFO: [ app_init ] --END-- [ RunTime:0.001000s ]

[ 2016-04-10T20:17:35+08:00 ] 127.0.0.1 /SecondHands_Market/index.php/Admin/Applyfor/applyfor
INFO: [ app_init ] --START--
INFO: Run Behavior\BuildLiteBehavior [ RunTime:0.000000s ]
INFO: [ app_init ] --END-- [ RunTime:0.001000s ]

[ 2016-04-10T20:19:14+08:00 ] 127.0.0.1 /SecondHands_Market/index.php/Admin/Applyfor/applyfor
INFO: [ app_init ] --START--
INFO: Run Behavior\BuildLiteBehavior [ RunTime:0.000000s ]
INFO: [ app_init ] --END-- [ RunTime:0.001000s ]

[ 2016-04-10T20:19:27+08:00 ] 127.0.0.1 /SecondHands_Market/index.php/Admin/Applyfor/applyfor
INFO: [ app_init ] --START--
INFO: Run Behavior\BuildLiteBehavior [ RunTime:0.000000s ]
INFO: [ app_init ] --END-- [ RunTime:0.001000s ]

[ 2016-04-10T20:20:09+08:00 ] 127.0.0.1 /SecondHands_Market/index.php/Admin/Applyfor/applyfor
INFO: [ app_init ] --START--
INFO: Run Behavior\BuildLiteBehavior [ RunTime:0.000000s ]
INFO: [ app_init ] --END-- [ RunTime:0.001000s ]

[ 2016-04-10T20:20:58+08:00 ] 127.0.0.1 /SecondHands_Market/index.php/Admin/Applyfor/applyfor
INFO: [ app_init ] --START--
INFO: Run Behavior\BuildLiteBehavior [ RunTime:0.000000s ]
INFO: [ app_init ] --END-- [ RunTime:0.001000s ]

[ 2016-04-10T20:24:49+08:00 ] 127.0.0.1 /SecondHands_Market/index.php/Admin/Login/login
INFO: [ app_init ] --START--
INFO: Run Behavior\BuildLiteBehavior [ RunTime:0.000000s ]
INFO: [ app_init ] --END-- [ RunTime:0.001000s ]

[ 2016-04-10T20:24:53+08:00 ] 127.0.0.1 /SecondHands_Market/index.php/Admin/Login/doLogin
INFO: [ app_init ] --START--
INFO: Run Behavior\BuildLiteBehavior [ RunTime:0.000000s ]
INFO: [ app_init ] --END-- [ RunTime:0.001000s ]

[ 2016-04-10T20:24:53+08:00 ] 127.0.0.1 /SecondHands_Market/index.php/Admin/Index/index
INFO: [ app_init ] --START--
INFO: Run Behavior\BuildLiteBehavior [ RunTime:0.000000s ]
INFO: [ app_init ] --END-- [ RunTime:0.001000s ]

[ 2016-04-10T20:24:55+08:00 ] 127.0.0.1 /SecondHands_Market/index.php/Admin/Applyfor/applyfor
INFO: [ app_init ] --START--
INFO: Run Behavior\BuildLiteBehavior [ RunTime:0.000000s ]
INFO: [ app_init ] --END-- [ RunTime:0.000000s ]

[ 2016-04-10T20:27:19+08:00 ] 127.0.0.1 /SecondHands_Market/index.php/Admin/Applyfor/applyfor
INFO: [ app_init ] --START--
INFO: Run Behavior\BuildLiteBehavior [ RunTime:0.000000s ]
INFO: [ app_init ] --END-- [ RunTime:0.001000s ]

[ 2016-04-10T20:28:38+08:00 ] 127.0.0.1 /SecondHands_Market/index.php/Admin/Applyfor/applyfor
INFO: [ app_init ] --START--
INFO: Run Behavior\BuildLiteBehavior [ RunTime:0.000000s ]
INFO: [ app_init ] --END-- [ RunTime:0.001000s ]

[ 2016-04-10T20:35:03+08:00 ] 127.0.0.1 /SecondHands_Market/index.php/Admin/Applyfor/applyfor
INFO: [ app_init ] --START--
INFO: Run Behavior\BuildLiteBehavior [ RunTime:0.000000s ]
INFO: [ app_init ] --END-- [ RunTime:0.001000s ]
ERR: Think\Model:filed方法不存在！

[ 2016-04-10T20:35:28+08:00 ] 127.0.0.1 /SecondHands_Market/index.php/Admin/Applyfor/applyfor
INFO: [ app_init ] --START--
INFO: Run Behavior\BuildLiteBehavior [ RunTime:0.000000s ]
INFO: [ app_init ] --END-- [ RunTime:0.001000s ]

[ 2016-04-10T20:36:03+08:00 ] 127.0.0.1 /SecondHands_Market/index.php/Admin/Applyfor/applyfor
INFO: [ app_init ] --START--
INFO: Run Behavior\BuildLiteBehavior [ RunTime:0.000000s ]
INFO: [ app_init ] --END-- [ RunTime:0.001000s ]

[ 2016-04-10T20:36:58+08:00 ] 127.0.0.1 /SecondHands_Market/index.php/Admin/Applyfor/applyfor
INFO: [ app_init ] --START--
INFO: Run Behavior\BuildLiteBehavior [ RunTime:0.000000s ]
INFO: [ app_init ] --END-- [ RunTime:0.001000s ]

[ 2016-04-10T20:38:20+08:00 ] 127.0.0.1 /SecondHands_Market/index.php/Admin/Applyfor/applyfor
INFO: [ app_init ] --START--
INFO: Run Behavior\BuildLiteBehavior [ RunTime:0.000000s ]
INFO: [ app_init ] --END-- [ RunTime:0.001000s ]

[ 2016-04-10T20:38:44+08:00 ] 127.0.0.1 /SecondHands_Market/index.php/Admin/Applyfor/applyfor
INFO: [ app_init ] --START--
INFO: Run Behavior\BuildLiteBehavior [ RunTime:0.000000s ]
INFO: [ app_init ] --END-- [ RunTime:0.001000s ]

[ 2016-04-10T20:39:34+08:00 ] 127.0.0.1 /SecondHands_Market/index.php/Admin/Applyfor/applyfor
INFO: [ app_init ] --START--
INFO: Run Behavior\BuildLiteBehavior [ RunTime:0.000000s ]
INFO: [ app_init ] --END-- [ RunTime:0.001000s ]

[ 2016-04-10T20:42:07+08:00 ] 127.0.0.1 /SecondHands_Market/index.php/Admin/Applyfor/applyfor
INFO: [ app_init ] --START--
INFO: Run Behavior\BuildLiteBehavior [ RunTime:0.000000s ]
INFO: [ app_init ] --END-- [ RunTime:0.001000s ]

[ 2016-04-10T20:42:11+08:00 ] 127.0.0.1 /SecondHands_Market/index.php/Admin/Applyfor/applyfor
INFO: [ app_init ] --START--
INFO: Run Behavior\BuildLiteBehavior [ RunTime:0.000000s ]
INFO: [ app_init ] --END-- [ RunTime:0.002000s ]

[ 2016-04-10T20:42:25+08:00 ] 127.0.0.1 /SecondHands_Market/index.php/Admin/Applyfor/applyfor
INFO: [ app_init ] --START--
INFO: Run Behavior\BuildLiteBehavior [ RunTime:0.000000s ]
INFO: [ app_init ] --END-- [ RunTime:0.001000s ]

[ 2016-04-10T20:43:17+08:00 ] 127.0.0.1 /SecondHands_Market/index.php/Admin/Applyfor/applyfor
INFO: [ app_init ] --START--
INFO: Run Behavior\BuildLiteBehavior [ RunTime:0.000000s ]
INFO: [ app_init ] --END-- [ RunTime:0.001000s ]

[ 2016-04-10T20:43:38+08:00 ] 127.0.0.1 /SecondHands_Market/index.php/Admin/Applyfor/applyfor
INFO: [ app_init ] --START--
INFO: Run Behavior\BuildLiteBehavior [ RunTime:0.000000s ]
INFO: [ app_init ] --END-- [ RunTime:0.001000s ]

[ 2016-04-10T20:45:34+08:00 ] 127.0.0.1 /SecondHands_Market/index.php/Admin/Applyfor/applyfor
INFO: [ app_init ] --START--
INFO: Run Behavior\BuildLiteBehavior [ RunTime:0.000000s ]
INFO: [ app_init ] --END-- [ RunTime:0.000000s ]

[ 2016-04-10T20:45:53+08:00 ] 127.0.0.1 /SecondHands_Market/index.php/Admin/Applyfor/applyfor
INFO: [ app_init ] --START--
INFO: Run Behavior\BuildLiteBehavior [ RunTime:0.000000s ]
INFO: [ app_init ] --END-- [ RunTime:0.001000s ]

[ 2016-04-10T20:46:16+08:00 ] 127.0.0.1 /SecondHands_Market/index.php/Admin/Applyfor/applyfor
INFO: [ app_init ] --START--
INFO: Run Behavior\BuildLiteBehavior [ RunTime:0.000000s ]
INFO: [ app_init ] --END-- [ RunTime:0.001000s ]

[ 2016-04-10T20:48:11+08:00 ] 127.0.0.1 /SecondHands_Market/index.php/Admin/Applyfor/applyfor
INFO: [ app_init ] --START--
INFO: Run Behavior\BuildLiteBehavior [ RunTime:0.000000s ]
INFO: [ app_init ] --END-- [ RunTime:0.001000s ]

[ 2016-04-10T20:48:33+08:00 ] 127.0.0.1 /SecondHands_Market/index.php/Admin/Applyfor/applyfor
INFO: [ app_init ] --START--
INFO: Run Behavior\BuildLiteBehavior [ RunTime:0.000000s ]
INFO: [ app_init ] --END-- [ RunTime:0.001000s ]

[ 2016-04-10T20:49:24+08:00 ] 127.0.0.1 /SecondHands_Market/index.php/Admin/Applyfor/applyfor
INFO: [ app_init ] --START--
INFO: Run Behavior\BuildLiteBehavior [ RunTime:0.001000s ]
INFO: [ app_init ] --END-- [ RunTime:0.001000s ]

[ 2016-04-10T20:51:03+08:00 ] 127.0.0.1 /SecondHands_Market/index.php/Admin/Applyfor/applyfor
INFO: [ app_init ] --START--
INFO: Run Behavior\BuildLiteBehavior [ RunTime:0.000000s ]
INFO: [ app_init ] --END-- [ RunTime:0.000000s ]

[ 2016-04-10T20:57:41+08:00 ] 127.0.0.1 /SecondHands_Market/index.php/Admin/Applyfor/applyfor
INFO: [ app_init ] --START--
INFO: Run Behavior\BuildLiteBehavior [ RunTime:0.000000s ]
INFO: [ app_init ] --END-- [ RunTime:0.001000s ]

[ 2016-04-10T20:59:42+08:00 ] 127.0.0.1 /SecondHands_Market/index.php/Admin/Applyfor/applyfor
INFO: [ app_init ] --START--
INFO: Run Behavior\BuildLiteBehavior [ RunTime:0.000000s ]
INFO: [ app_init ] --END-- [ RunTime:0.001000s ]

[ 2016-04-10T21:00:32+08:00 ] 127.0.0.1 /SecondHands_Market/index.php/Admin/Applyfor/applyfor
INFO: [ app_init ] --START--
INFO: Run Behavior\BuildLiteBehavior [ RunTime:0.000000s ]
INFO: [ app_init ] --END-- [ RunTime:0.001000s ]

[ 2016-04-10T21:01:20+08:00 ] 127.0.0.1 /SecondHands_Market/index.php/Admin/Applyfor/applyfor
INFO: [ app_init ] --START--
INFO: Run Behavior\BuildLiteBehavior [ RunTime:0.000000s ]
INFO: [ app_init ] --END-- [ RunTime:0.001000s ]

[ 2016-04-10T21:01:41+08:00 ] 127.0.0.1 /SecondHands_Market/index.php/Admin/Applyfor/applyfor
INFO: [ app_init ] --START--
INFO: Run Behavior\BuildLiteBehavior [ RunTime:0.000000s ]
INFO: [ app_init ] --END-- [ RunTime:0.001000s ]

[ 2016-04-10T21:05:16+08:00 ] 127.0.0.1 /SecondHands_Market/index.php/Admin/Applyfor/applyfor
INFO: [ app_init ] --START--
INFO: Run Behavior\BuildLiteBehavior [ RunTime:0.000000s ]
INFO: [ app_init ] --END-- [ RunTime:0.002000s ]

[ 2016-04-10T21:06:37+08:00 ] 127.0.0.1 /SecondHands_Market/index.php/Admin/Applyfor/applyfor
INFO: [ app_init ] --START--
INFO: Run Behavior\BuildLiteBehavior [ RunTime:0.000000s ]
INFO: [ app_init ] --END-- [ RunTime:0.001000s ]

[ 2016-04-10T21:08:15+08:00 ] 127.0.0.1 /SecondHands_Market/index.php/Admin/Applyfor/applyfor
INFO: [ app_init ] --START--
INFO: Run Behavior\BuildLiteBehavior [ RunTime:0.000000s ]
INFO: [ app_init ] --END-- [ RunTime:0.001000s ]

[ 2016-04-10T21:14:09+08:00 ] 127.0.0.1 /SecondHands_Market/index.php/Admin/Applyfor/applyfor
INFO: [ app_init ] --START--
INFO: Run Behavior\BuildLiteBehavior [ RunTime:0.000000s ]
INFO: [ app_init ] --END-- [ RunTime:0.001000s ]

[ 2016-04-10T21:15:02+08:00 ] 127.0.0.1 /SecondHands_Market/index.php/Admin/Applyfor/applyfor
INFO: [ app_init ] --START--
INFO: Run Behavior\BuildLiteBehavior [ RunTime:0.000000s ]
INFO: [ app_init ] --END-- [ RunTime:0.000000s ]

[ 2016-04-10T21:15:56+08:00 ] 127.0.0.1 /SecondHands_Market/index.php/Admin/Applyfor/applyfor
INFO: [ app_init ] --START--
INFO: Run Behavior\BuildLiteBehavior [ RunTime:0.000000s ]
INFO: [ app_init ] --END-- [ RunTime:0.002000s ]

[ 2016-04-10T21:16:49+08:00 ] 127.0.0.1 /SecondHands_Market/index.php/Admin/Applyfor/applyfor
INFO: [ app_init ] --START--
INFO: Run Behavior\BuildLiteBehavior [ RunTime:0.000000s ]
INFO: [ app_init ] --END-- [ RunTime:0.001000s ]

[ 2016-04-10T21:17:13+08:00 ] 127.0.0.1 /SecondHands_Market/index.php/Admin/Applyfor/applyfor
INFO: [ app_init ] --START--
INFO: Run Behavior\BuildLiteBehavior [ RunTime:0.000000s ]
INFO: [ app_init ] --END-- [ RunTime:0.001000s ]

[ 2016-04-10T21:17:27+08:00 ] 127.0.0.1 /SecondHands_Market/index.php/Admin/Applyfor/applyfor
INFO: [ app_init ] --START--
INFO: Run Behavior\BuildLiteBehavior [ RunTime:0.000000s ]
INFO: [ app_init ] --END-- [ RunTime:0.001000s ]

[ 2016-04-10T21:26:36+08:00 ] 127.0.0.1 /SecondHands_Market/index.php/Admin/Applyfor/applyfor
INFO: [ app_init ] --START--
INFO: Run Behavior\BuildLiteBehavior [ RunTime:0.000000s ]
INFO: [ app_init ] --END-- [ RunTime:0.001000s ]

[ 2016-04-10T21:28:13+08:00 ] 127.0.0.1 /SecondHands_Market/index.php/Admin/Applyfor/applyfor
INFO: [ app_init ] --START--
INFO: Run Behavior\BuildLiteBehavior [ RunTime:0.000000s ]
INFO: [ app_init ] --END-- [ RunTime:0.001000s ]

[ 2016-04-10T21:28:59+08:00 ] 127.0.0.1 /SecondHands_Market/index.php/Admin/Applyfor/applyfor
INFO: [ app_init ] --START--
INFO: Run Behavior\BuildLiteBehavior [ RunTime:0.000000s ]
INFO: [ app_init ] --END-- [ RunTime:0.001000s ]

[ 2016-04-10T21:30:20+08:00 ] 127.0.0.1 /SecondHands_Market/index.php/Admin/Applyfor/applyfor
INFO: [ app_init ] --START--
INFO: Run Behavior\BuildLiteBehavior [ RunTime:0.000000s ]
INFO: [ app_init ] --END-- [ RunTime:0.001000s ]

[ 2016-04-10T21:30:38+08:00 ] 127.0.0.1 /SecondHands_Market/index.php/Admin/Applyfor/applyfor
INFO: [ app_init ] --START--
INFO: Run Behavior\BuildLiteBehavior [ RunTime:0.000000s ]
INFO: [ app_init ] --END-- [ RunTime:0.001000s ]

[ 2016-04-10T21:30:57+08:00 ] 127.0.0.1 /SecondHands_Market/index.php/Admin/Applyfor/applyfor
INFO: [ app_init ] --START--
INFO: Run Behavior\BuildLiteBehavior [ RunTime:0.000000s ]
INFO: [ app_init ] --END-- [ RunTime:0.002000s ]

[ 2016-04-10T21:31:19+08:00 ] 127.0.0.1 /SecondHands_Market/index.php/Admin/Applyfor/applyfor
INFO: [ app_init ] --START--
INFO: Run Behavior\BuildLiteBehavior [ RunTime:0.000000s ]
INFO: [ app_init ] --END-- [ RunTime:0.001000s ]

[ 2016-04-10T21:38:17+08:00 ] 127.0.0.1 /SecondHands_Market/index.php/Admin/Index/index
INFO: [ app_init ] --START--
INFO: Run Behavior\BuildLiteBehavior [ RunTime:0.000000s ]
INFO: [ app_init ] --END-- [ RunTime:0.002001s ]

[ 2016-04-10T21:38:19+08:00 ] 127.0.0.1 /SecondHands_Market/index.php/Admin/Applyfor/applyfor
INFO: [ app_init ] --START--
INFO: Run Behavior\BuildLiteBehavior [ RunTime:0.000000s ]
INFO: [ app_init ] --END-- [ RunTime:0.001000s ]

[ 2016-04-10T21:54:35+08:00 ] 127.0.0.1 /SecondHands_Market/index.php/Admin/Applyfor/applyfor
INFO: [ app_init ] --START--
INFO: Run Behavior\BuildLiteBehavior [ RunTime:0.000000s ]
INFO: [ app_init ] --END-- [ RunTime:0.001000s ]

[ 2016-04-10T21:55:52+08:00 ] 127.0.0.1 /SecondHands_Market/index.php/Admin/Applyfor/applyfor
INFO: [ app_init ] --START--
INFO: Run Behavior\BuildLiteBehavior [ RunTime:0.000000s ]
INFO: [ app_init ] --END-- [ RunTime:0.001000s ]

[ 2016-04-10T21:57:33+08:00 ] 127.0.0.1 /SecondHands_Market/index.php/Admin/Applyfor/applyfor
INFO: [ app_init ] --START--
INFO: Run Behavior\BuildLiteBehavior [ RunTime:0.000000s ]
INFO: [ app_init ] --END-- [ RunTime:0.001000s ]

[ 2016-04-10T21:57:52+08:00 ] 127.0.0.1 /SecondHands_Market/index.php/Admin/Applyfor/applyfor
INFO: [ app_init ] --START--
INFO: Run Behavior\BuildLiteBehavior [ RunTime:0.000000s ]
INFO: [ app_init ] --END-- [ RunTime:0.001000s ]

[ 2016-04-10T21:58:22+08:00 ] 127.0.0.1 /SecondHands_Market/index.php/Admin/Applyfor/applyfor
INFO: [ app_init ] --START--
INFO: Run Behavior\BuildLiteBehavior [ RunTime:0.000000s ]
INFO: [ app_init ] --END-- [ RunTime:0.001000s ]

[ 2016-04-10T21:58:29+08:00 ] 127.0.0.1 /SecondHands_Market/index.php/Admin/Applyfor/applyfor
INFO: [ app_init ] --START--
INFO: Run Behavior\BuildLiteBehavior [ RunTime:0.000000s ]
INFO: [ app_init ] --END-- [ RunTime:0.001000s ]

[ 2016-04-10T21:58:35+08:00 ] 127.0.0.1 /SecondHands_Market/index.php/Admin/Applyfor/applyfor
INFO: [ app_init ] --START--
INFO: Run Behavior\BuildLiteBehavior [ RunTime:0.000000s ]
INFO: [ app_init ] --END-- [ RunTime:0.001000s ]

[ 2016-04-10T21:59:05+08:00 ] 127.0.0.1 /SecondHands_Market/index.php/Admin/Applyfor/applyfor
INFO: [ app_init ] --START--
INFO: Run Behavior\BuildLiteBehavior [ RunTime:0.000000s ]
INFO: [ app_init ] --END-- [ RunTime:0.001000s ]

[ 2016-04-10T21:59:41+08:00 ] 127.0.0.1 /SecondHands_Market/index.php/Admin/Applyfor/applyfor
INFO: [ app_init ] --START--
INFO: Run Behavior\BuildLiteBehavior [ RunTime:0.000000s ]
INFO: [ app_init ] --END-- [ RunTime:0.001000s ]

[ 2016-04-10T22:01:01+08:00 ] 127.0.0.1 /SecondHands_Market/index.php/Admin/Applyfor/applyfor
INFO: [ app_init ] --START--
INFO: Run Behavior\BuildLiteBehavior [ RunTime:0.000000s ]
INFO: [ app_init ] --END-- [ RunTime:0.001000s ]

[ 2016-04-10T22:01:20+08:00 ] 127.0.0.1 /SecondHands_Market/index.php/Admin/Applyfor/applyfor
INFO: [ app_init ] --START--
INFO: Run Behavior\BuildLiteBehavior [ RunTime:0.000000s ]
INFO: [ app_init ] --END-- [ RunTime:0.001000s ]

[ 2016-04-10T22:01:30+08:00 ] 127.0.0.1 /SecondHands_Market/index.php/Admin/Applyfor/applyfor
INFO: [ app_init ] --START--
INFO: Run Behavior\BuildLiteBehavior [ RunTime:0.001000s ]
INFO: [ app_init ] --END-- [ RunTime:0.001000s ]

